<?xml version="1.0" encoding="UTF-8"?>
<!-- Generated by org.testng.reporters.JUnitXMLReporter -->
<testsuite ignored="0" hostname="Husky" failures="0" tests="9" name="Demo Automation" time="12.466" errors="0" timestamp="03 Apr. 2024 22:17:25 GMT">
  <testcase classname="testcases.CustomerRegistration1" name="customerRegistration" time="1.938"/>
  <testcase classname="testcases.CustomerRegistration2" name="customerRegistration" time="1.993"/>
  <testcase classname="testcases.CustomerRegistration3" name="customerRegistration" time="1.966"/>
  <testcase classname="testcases.CustomerRegistration3" name="clickFlightSearchButton" time="0.077"/>
  <testcase classname="testcases.CustomerRegistration1" name="clickFlightSearchButton" time="1.716"/>
  <testcase classname="testcases.CustomerRegistration2" name="clickFlightSearchButton" time="1.705"/>
  <testcase classname="testcases.CustomerRegistration3" name="flightSearch" time="2.232"/>
  <testcase classname="testcases.CustomerRegistration1" name="flightSearch" time="2.199"/>
  <testcase classname="testcases.CustomerRegistration2" name="flightSearch" time="2.217"/>
</testsuite> <!-- Demo Automation -->
